C51 COMPILER V9.00   BLUETEETH                                                             04/28/2017 11:23:01 PAGE 1   


C51 COMPILER V9.00, COMPILATION OF MODULE BLUETEETH
OBJECT MODULE PLACED IN blueteeth.OBJ
COMPILER INVOKED BY: D:\SoftwareInstall\dev\keil\C51\BIN\C51.EXE blueteeth.c BROWSE DEBUG OBJECTEXTEND

line level    source

   1          /*-----------------------------------------------
   2            名称：蓝牙调用函数库
   3            编写：夏杰
   4            日期：2017.4.24
   5            内容：蓝牙模块相关控制函数
   6          ------------------------------------------------*/
   7          #include "sc.h"
   8          
   9          // 定义接收的数据
  10          uchar rec_data = 0;
  11          
  12          
  13          /*-----------------------------------------------
  14            TODO：蓝牙模块初始化
  15            参数：
  16            编写：夏杰
  17            日期：2017.4.24
  18          ------------------------------------------------*/
  19          void blueteeth_init()
  20          {
  21   1      //      SCON = 0x50;            //8位数据,可变波特率
  22   1      //      TMOD |= 0x20;           //设定定时器1为8位自动重装方式
  23   1      //      TL1 = 0xFD;             //设定定时初值
  24   1      //      TH1 = 0xFD;             //设定定时器重装值
  25   1      //      ET1 = 0;                //禁止定时器1中断
  26   1      //      TR1 = 1;                //启动定时器1
  27   1      //      ES = 1;
  28   1      
  29   1              SCON  = 0x50;                   // SCON: 模式 1, 8-bit UART, 使能接收  
  30   1          TMOD |= 0x20;               // TMOD: timer 1, mode 2, 8-bit 重装
  31   1          TH1 = 0xFD;               // TH1:  重装值 9600 波特率 晶振 11.0592MHz  
  32   1          TR1 = 0xFD;                  // TR1:  timer 1 打开                         
  33   1          ET1 = 0;                  //打开总中断
  34   1              ES  = 1;                  //打开串口中断
  35   1      }
  36          
  37          /*-----------------------------------------------
  38            TODO：串口发送数据到蓝牙模块
  39            参数：dat 要发送的数据
  40            编写：夏杰
  41            日期：2017.4.24
  42          ------------------------------------------------*/
  43          void blueteeth_send_byte(uchar dat)
  44          {
  45   1              SBUF = dat;
  46   1              while(!TI);
  47   1              TI = 0;
  48   1      }
  49          
  50          /*-----------------------------------------------
  51            TODO：蓝牙发送字符串
  52            参数：*s 字符串首地址
  53            编写：夏杰
  54            日期：2017.4.24
  55          ------------------------------------------------*/
C51 COMPILER V9.00   BLUETEETH                                                             04/28/2017 11:23:01 PAGE 2   

  56          void blueteeth_send_str(uchar *s)
  57          {
  58   1              while(*s != '\0')               // \0 表示字符串结束标志，通过检测是否字符串末尾
  59   1              {
  60   2                      blueteeth_send_byte(*s);
  61   2                      s++;
  62   2              }
  63   1      }
  64          
  65          /*-----------------------------------------------
  66            TODO：串口中断程序
  67            参数：null
  68            编写：夏杰
  69            日期：2017.4.24
  70          ------------------------------------------------*/
  71          void UART_SER (void) interrupt 4        //串行中断服务程序
  72          {   
  73   1              if( RI )                                                //判断是接收中断产生
  74   1              {
  75   2                      RI = 0;                                         //标志位清零
  76   2                      rec_data = SBUF - 48;                   //读入缓冲区的值
  77   2              }       
  78   1      } 
  79          
  80          
  81          
  82          
  83          
  84          
  85          
  86          
  87          
  88          
  89          
  90          
  91          


MODULE INFORMATION:   STATIC OVERLAYABLE
   CODE SIZE        =     63    ----
   CONSTANT SIZE    =   ----    ----
   XDATA SIZE       =   ----    ----
   PDATA SIZE       =   ----    ----
   DATA SIZE        =      1    ----
   IDATA SIZE       =   ----    ----
   BIT SIZE         =   ----    ----
END OF MODULE INFORMATION.


C51 COMPILATION COMPLETE.  0 WARNING(S),  0 ERROR(S)
