C51 COMPILER V9.00   DELAY                                                                 04/14/2017 00:32:41 PAGE 1   


C51 COMPILER V9.00, COMPILATION OF MODULE DELAY
OBJECT MODULE PLACED IN delay.OBJ
COMPILER INVOKED BY: D:\SoftwareInstall\dev\keil\C51\BIN\C51.EXE delay.c BROWSE DEBUG OBJECTEXTEND

line level    source

   1          /*-----------------------------------------------
   2            名称：延迟函数库
   3            编写：夏杰
   4            日期：2017.4.8
   5            内容：通过变量自减，以实现延时
   6          ------------------------------------------------*/
   7          
   8          #include "delay.h"
   9          #include <intrins.h>
  10          
  11          
  12          /*-----------------------------------------------
  13            TODO：delay for 2*t us
  14            参数：t delay for 2*t us
  15            编写：夏杰
  16            日期：2017.4.8
  17          ------------------------------------------------*/
  18          void DelayUs2x(unsigned int t)
  19          {
  20   1              // 自减循环
  21   1              while(--t);
  22   1      }
  23          
  24          
  25          /*-----------------------------------------------
  26            TODO：delay for t mS
  27            参数：t delay for t mS
  28            编写：夏杰
  29            日期：2017.4.8
  30          ------------------------------------------------*/
  31          void DelayMs(unsigned int t)
  32          {
  33   1              unsigned int i = 0, j = 0;
  34   1          for(i = t;i > 0;i--)
  35   1              for(j = 110;j > 0;j--);
  36   1              // 调整延迟
  37   1              DelayUs2x(0);
  38   1      }
  39          
  40          
  41          


MODULE INFORMATION:   STATIC OVERLAYABLE
   CODE SIZE        =     52    ----
   CONSTANT SIZE    =   ----    ----
   XDATA SIZE       =   ----    ----
   PDATA SIZE       =   ----    ----
   DATA SIZE        =   ----    ----
   IDATA SIZE       =   ----    ----
   BIT SIZE         =   ----    ----
END OF MODULE INFORMATION.


C51 COMPILATION COMPLETE.  0 WARNING(S),  0 ERROR(S)
