C51 COMPILER V9.00   SC                                                                    04/13/2017 23:13:40 PAGE 1   


C51 COMPILER V9.00, COMPILATION OF MODULE SC
OBJECT MODULE PLACED IN sc.OBJ
COMPILER INVOKED BY: D:\SoftwareInstall\dev\keil\C51\BIN\C51.EXE sc.c BROWSE DEBUG OBJECTEXTEND

line level    source

   1          /*-----------------------------------------------
   2            名称：程序主控文件
   3            编写：夏杰
   4            日期：2017.4.1
   5            内容：程序入口，及主要控制部分
   6          ------------------------------------------------*/
   7          #include "sc.h"
   8          
   9          
  10          
  11          
  12          /*-----------------------------------------------
  13            TODO：主函数
  14            参数：
  15            编写：夏杰
  16            日期：2017.4.1
  17          ------------------------------------------------*/
  18          void main()
  19          {
  20   1              motor_left_in = 1;
  21   1              motor_left_out = 0;
  22   1              motor_right_in = 1;
  23   1              motor_right_out = 0;
  24   1              //
  25   1              init_timer0();
  26   1              init_blueteeth();
  27   1      
  28   1              
  29   1      
  30   1      
  31   1              while(1)
  32   1              {
  33   2                      
  34   2                      steer_duty = 12;
  35   2                      DelayMs(1000);
  36   2                      steer_duty = 18
  37   2                      ;
  38   2                      DelayMs(1000);
  39   2      
  40   2              }
  41   1      
  42   1      }
  43          
  44          
  45          
  46          
  47          
  48          
  49          
  50          
  51          
  52          
  53          
  54          
  55          
C51 COMPILER V9.00   SC                                                                    04/13/2017 23:13:40 PAGE 2   

  56          


MODULE INFORMATION:   STATIC OVERLAYABLE
   CODE SIZE        =     36    ----
   CONSTANT SIZE    =   ----    ----
   XDATA SIZE       =   ----    ----
   PDATA SIZE       =   ----    ----
   DATA SIZE        =   ----    ----
   IDATA SIZE       =   ----    ----
   BIT SIZE         =   ----    ----
END OF MODULE INFORMATION.


C51 COMPILATION COMPLETE.  0 WARNING(S),  0 ERROR(S)
