C51 COMPILER V9.00   STEER                                                                 04/15/2017 18:27:28 PAGE 1   


C51 COMPILER V9.00, COMPILATION OF MODULE STEER
OBJECT MODULE PLACED IN steer.OBJ
COMPILER INVOKED BY: D:\SoftwareInstall\dev\keil\C51\BIN\C51.EXE steer.c BROWSE DEBUG OBJECTEXTEND

line level    source

   1          /*-----------------------------------------------
   2            名称：舵机转向驱动函数库
   3            编写：夏杰
   4            日期：2017.4.12
   5            内容：舵机控制相关函数
   6          ------------------------------------------------*/
   7          
   8          #include "sc.h"
   9          
  10          // 舵机PWM波周期、计数器
  11          uchar steer_pwm_t = 200, steer_pwm_counter = 0;
  12          
  13          // 舵机PWM占空比,范围:5/200~25/200 
  14          uchar steer_left_duty = 14, steer_right_duty = 18, steer_middle_duty = 16, steer_duty = 0;
  15          
  16          /*-----------------------------------------------
  17            TODO：舵机初始化
  18            参数：null
  19            编写：夏杰
  20            日期：2017.4.12
  21          ------------------------------------------------*/
  22          void steer_init()
  23          {
  24   1              // 舵机计数器置位
  25   1              steer_pwm_counter = 0;  
  26   1              // 舵机初始位置置中
  27   1              steer_duty = steer_middle_duty;
  28   1      }
  29          
  30          /*-----------------------------------------------
  31            TODO：舵机转向控制
  32            参数：
  33            编写：夏杰
  34            日期：2017.4.12
  35          ------------------------------------------------*/
  36          void steer_control(STEER_DIR steer_dir)
  37          {
  38   1              // 舵机周期控制
  39   1              if(steer_pwm_counter == steer_pwm_t)
  40   1              {
  41   2                      steer_pwm_counter = 0;
  42   2              }
  43   1              // 舵机转向判断
  44   1              switch(steer_dir)
  45   1              {
  46   2                      case steer_dir_left:
  47   2                              steer_left();
  48   2                              break;
  49   2                      case steer_dir_middle:
  50   2                              steer_right();
  51   2                              break;
  52   2                      case steer_dir_right:
  53   2                              steer_middle();
  54   2                              break;
  55   2              }
C51 COMPILER V9.00   STEER                                                                 04/15/2017 18:27:28 PAGE 2   

  56   1              // 高电平占空
  57   1              if(steer_pwm_counter <= steer_duty)     //PWM周期
  58   1                      steer_out = 1;
  59   1              else
  60   1                      steer_out = 0;
  61   1              
  62   1      }
  63          
  64          /*-----------------------------------------------
  65            TODO：舵机左转向PWM波占空比
  66            参数：null
  67            编写：夏杰
  68            日期：2017.4.12
  69          ------------------------------------------------*/
  70          void steer_left()
  71          {
  72   1              steer_duty = steer_left_duty;
  73   1      }
  74          
  75          /*-----------------------------------------------
  76            TODO：舵机右转向PWM波占空比
  77            参数：null
  78            编写：夏杰
  79            日期：2017.4.12
  80          ------------------------------------------------*/
  81          void steer_right()
  82          {
  83   1              steer_duty = steer_right_duty;
  84   1      }
  85          
  86          /*-----------------------------------------------
  87            TODO：舵机正向PWM波占空比
  88            参数：null
  89            编写：夏杰
  90            日期：2017.4.12
  91          ------------------------------------------------*/
  92          void steer_middle()
  93          {
  94   1              steer_duty = steer_middle_duty;
  95   1      }
  96          
  97          
  98          


MODULE INFORMATION:   STATIC OVERLAYABLE
   CODE SIZE        =     64    ----
   CONSTANT SIZE    =   ----    ----
   XDATA SIZE       =   ----    ----
   PDATA SIZE       =   ----    ----
   DATA SIZE        =      6    ----
   IDATA SIZE       =   ----    ----
   BIT SIZE         =   ----    ----
END OF MODULE INFORMATION.


C51 COMPILATION COMPLETE.  0 WARNING(S),  0 ERROR(S)
