C51 COMPILER V9.00   DELAY                                                                 04/08/2017 21:36:42 PAGE 1   


C51 COMPILER V9.00, COMPILATION OF MODULE DELAY
OBJECT MODULE PLACED IN delay.OBJ
COMPILER INVOKED BY: D:\SoftwareInstall\dev\keil\C51\BIN\C51.EXE delay.c BROWSE DEBUG OBJECTEXTEND

line level    source

   1          /*-----------------------------------------------
   2            名称：延迟函数库
   3            编写：夏杰
   4            日期：2017.4.8
   5            内容：通过变量自减，以实现延时
   6          ------------------------------------------------*/
   7          
   8          #include "delay.h"
   9          #include <intrins.h>
  10          
  11          
  12          /*-----------------------------------------------
  13            TODO：delay for 2*t us
  14            参数：t delay for 2*t us
  15            编写：夏杰
  16            日期：2017.4.8
  17          ------------------------------------------------*/
  18          void DelayUs2x(unsigned char t)
  19          {
  20   1              // 自减循环
  21   1              while(--t);
  22   1      }
  23          
  24          
  25          /*-----------------------------------------------
  26            TODO：delay for t mS
  27            参数：t delay for t mS
  28            编写：夏杰
  29            日期：2017.4.8
  30          ------------------------------------------------*/
  31          void DelayMs(unsigned char t)
  32          {
  33   1              // 自减循环
  34   1              while(t--)
  35   1              {
  36   2                      DelayUs2x(245);
  37   2                      DelayUs2x(245);
  38   2              }
  39   1      }
  40          
  41          
  42          


MODULE INFORMATION:   STATIC OVERLAYABLE
   CODE SIZE        =     24    ----
   CONSTANT SIZE    =   ----    ----
   XDATA SIZE       =   ----    ----
   PDATA SIZE       =   ----    ----
   DATA SIZE        =   ----    ----
   IDATA SIZE       =   ----    ----
   BIT SIZE         =   ----    ----
END OF MODULE INFORMATION.


C51 COMPILATION COMPLETE.  0 WARNING(S),  0 ERROR(S)
